node_modules/@coral-xyz/anchor/dist/cjs/program/common.d.ts(1,8): error TS1259: Module '"C:/Users/USER/hackathon planning/house.fun/house-fun-app/node_modules/@coral-xyz/anchor/node_modules/eventemitter3/index"' can only be default-imported using the 'esModuleInterop' flag
node_modules/@coral-xyz/anchor/dist/cjs/program/namespace/account.d.ts(1,8): error TS1259: Module '"C:/Users/USER/hackathon planning/house.fun/house-fun-app/node_modules/@coral-xyz/anchor/node_modules/eventemitter3/index"' can only be default-imported using the 'esModuleInterop' flag
node_modules/@types/web/index.d.ts(7,1): error TS6200: Definitions of the following identifiers conflict with those in another file: NodeFilter, XPathNSResolver, style, media, SVGMatrix, WebKitCSSMatrix, SVGPoint, SVGRect, location, classList, part, relList, sandbox, blocking, sizes, htmlFor, webkitURL, ImportExportKind, TableKind, ExportValue, Exports, ImportValue, Imports, ModuleImports, ValueType, ElementTagNameMap, name, AlgorithmIdentifier, AllowSharedBufferSource, AutoFill, AutoFillField, AutoFillSection, Base64URLString, BigInteger, BlobPart, BodyInit, BufferSource, COSEAlgorithmIdentifier, CSSKeywordish, CSSNumberish, CSSPerspectiveValue, CSSUnparsedSegment, CanvasImageSource, ClipboardItemData, ClipboardItems, ConstrainBoolean, ConstrainDOMString, ConstrainDouble, ConstrainULong, DOMHighResTimeStamp, EpochTimeStamp, EventListenerOrEventListenerObject, FileSystemWriteChunkType, Float32List, FormDataEntryValue, GLbitfield, GLboolean, GLclampf, GLenum, GLfloat, GLint, GLint64, GLintptr, GLsizei, GLsizeiptr, GLuint, GLuint64, HTMLOrSVGImageElement, HTMLOrSVGScriptElement, HashAlgorithmIdentifier, HeadersInit, IDBValidKey, ImageBitmapSource, ImageBufferSource, Int32List, LineAndPositionSetting, MediaProvider, MessageEventSource, MutationRecordType, NamedCurve, OffscreenRenderingContext, OnBeforeUnloadEventHandler, OnErrorEventHandler, OptionalPostfixToken, OptionalPrefixToken, PerformanceEntryList, PublicKeyCredentialClientCapabilities, PublicKeyCredentialJSON, RTCRtpTransform, ReadableStreamController, ReadableStreamReadResult, ReadableStreamReader, RenderingContext, ReportList, RequestInfo, TexImageSource, TimerHandler, Transferable, Uint32List, VibratePattern, WindowProxy, XMLHttpRequestBodyInit, AlignSetting, AlphaOption, AnimationPlayState, AnimationReplaceState, AppendMode, AttestationConveyancePreference, AudioContextLatencyCategory, AudioContextState, AudioSampleFormat, AuthenticatorAttachment, AuthenticatorTransport, AutoFillAddressKind, AutoFillBase, AutoFillContactField, AutoFillContactKind, AutoFillCredentialField, AutoFillNormalField, AutoKeyword, AutomationRate, AvcBitstreamFormat, BinaryType, BiquadFilterType, BitrateMode, CSSMathOperator, CSSNumericBaseType, CanPlayTypeResult, CanvasDirection, CanvasFillRule, CanvasFontKerning, CanvasFontStretch, CanvasFontVariantCaps, CanvasLineCap, CanvasLineJoin, CanvasTextAlign, CanvasTextBaseline, CanvasTextRendering, ChannelCountMode, ChannelInterpretation, ClientTypes, CodecState, ColorGamut, ColorSpaceConversion, CompositeOperation, CompositeOperationOrAuto, CompressionFormat, CredentialMediationRequirement, DOMParserSupportedType, DirectionSetting, DisplayCaptureSurfaceType, DistanceModelType, DocumentReadyState, DocumentVisibilityState, EncodedAudioChunkType, EncodedVideoChunkType, EndOfStreamError, EndingType, FileSystemHandleKind, FillMode, FontDisplay, FontFaceLoadStatus, FontFaceSetLoadStatus, FullscreenNavigationUI, GamepadHapticEffectType, GamepadHapticsResult, GamepadMappingType, GlobalCompositeOperation, HardwareAcceleration, HdrMetadataType, HighlightType, IDBCursorDirection, IDBRequestReadyState, IDBTransactionDurability, IDBTransactionMode, ImageOrientation, ImageSmoothingQuality, InsertPosition, IterationCompositeOperation, KeyFormat, KeyType, KeyUsage, LatencyMode, LineAlignSetting, LockMode, MIDIPortConnectionState, MIDIPortDeviceState, MIDIPortType, MediaDecodingType, MediaDeviceKind, MediaEncodingType, MediaKeyMessageType, MediaKeySessionClosedReason, MediaKeySessionType, MediaKeyStatus, MediaKeysRequirement, MediaSessionAction, MediaSessionPlaybackState, MediaStreamTrackState, NavigationTimingType, NavigationType, NotificationDirection, NotificationPermission, OffscreenRenderingContextId, OpusBitstreamFormat, OrientationType, OscillatorType, OverSampleType, PanningModelType, PaymentComplete, PaymentShippingType, PermissionName, PermissionState, PlaybackDirection, PositionAlignSetting, PredefinedColorSpace, PremultiplyAlpha, PresentationStyle, PublicKeyCredentialType, PushEncryptionKeyName, RTCBundlePolicy, RTCDataChannelState, RTCDegradationPreference, RTCDtlsRole, RTCDtlsTransportState, RTCEncodedVideoFrameType, RTCErrorDetailType, RTCIceCandidateType, RTCIceComponent, RTCIceConnectionState, RTCIceGathererState, RTCIceGatheringState, RTCIceProtocol, RTCIceRole, RTCIceTcpCandidateType, RTCIceTransportPolicy, RTCIceTransportState, RTCPeerConnectionState, RTCPriorityType, RTCQualityLimitationReason, RTCRtcpMuxPolicy, RTCRtpTransceiverDirection, RTCSctpTransportState, RTCSdpType, RTCSignalingState, RTCStatsIceCandidatePairState, RTCStatsType, ReadableStreamReaderMode, ReadableStreamType, ReadyState, RecordingState, ReferrerPolicy, RemotePlaybackState, RequestCache, RequestCredentials, RequestDestination, RequestMode, RequestPriority, RequestRedirect, ResidentKeyRequirement, ResizeObserverBoxOptions, ResizeQuality, ResponseType, ScrollBehavior, ScrollLogicalPosition, ScrollRestoration, ScrollSetting, SecurityPolicyViolationEventDisposition, SelectionMode, ServiceWorkerState, ServiceWorkerUpdateViaCache, ShadowRootMode, SlotAssignmentMode, SpeechSynthesisErrorCode, TextTrackKind, TextTrackMode, TouchType, TransferFunction, UserVerificationRequirement, VideoColorPrimaries, VideoEncoderBitrateMode, VideoFacingModeEnum, VideoMatrixCoefficients, VideoPixelFormat, VideoTransferCharacteristics, WakeLockType, WebGLPowerPreference, WebTransportCongestionControl, WebTransportErrorSource, WorkerType, WriteCommandType, XMLHttpRequestResponseType
node_modules/@types/web/index.d.ts(126,5): error TS2717: Subsequent property declarations must have the same type.  Property 'description' must be of type 'AllowSharedBufferSource', but here has type 'BufferSource'.
node_modules/@types/web/index.d.ts(338,5): error TS2374: Duplicate index signature for type 'string'.
node_modules/@types/web/index.d.ts(854,5): error TS2374: Duplicate index signature for type 'string'.
node_modules/@types/web/index.d.ts(891,5): error TS2717: Subsequent property declarations must have the same type.  Property 'data' must be of type 'Uint8Array<ArrayBuffer>', but here has type 'Uint8Array<ArrayBufferLike>'.
node_modules/@types/web/index.d.ts(1390,5): error TS2374: Duplicate index signature for type 'string'.
node_modules/@types/web/index.d.ts(1875,5): error TS2687: All declarations of 'value' must have identical modifiers.
node_modules/@types/web/index.d.ts(2590,13): error TS2403: Subsequent variable declarations must have the same type.  Variable 'AbortSignal' must be of type '{ new (): AbortSignal; prototype: AbortSignal; abort(reason?: any): AbortSignal; any(signals: AbortSignal[]): AbortSignal; timeout(milliseconds: number): AbortSignal; }', but here has type '{ new (): AbortSignal; prototype: AbortSignal; any(signals: AbortSignal[]): AbortSignal; timeout(milliseconds: number): AbortSignal; }'.
node_modules/@types/web/index.d.ts(3518,14): error TS2717: Subsequent property declarations must have the same type.  Property 'body' must be of type 'ReadableStream<Uint8Array<ArrayBuffer>>', but here has type 'ReadableStream<Uint8Array<ArrayBufferLike>>'.
node_modules/@types/web/index.d.ts(3803,5): error TS2374: Duplicate index signature for type 'number'.
node_modules/@types/web/index.d.ts(3993,5): error TS2374: Duplicate index signature for type 'number'.
node_modules/@types/web/index.d.ts(4155,5): error TS2374: Duplicate index signature for type 'number'.
node_modules/@types/web/index.d.ts(5529,5): error TS2374: Duplicate index signature for type 'number'.
node_modules/@types/web/index.d.ts(5650,5): error TS2374: Duplicate index signature for type 'number'.
node_modules/@types/web/index.d.ts(5706,5): error TS2374: Duplicate index signature for type 'number'.
node_modules/@types/web/index.d.ts(6289,14): error TS2717: Subsequent property declarations must have the same type.  Property 'readable' must be of type 'ReadableStream<Uint8Array<ArrayBuffer>>', but here has type 'ReadableStream<Uint8Array<ArrayBufferLike>>'.
node_modules/@types/web/index.d.ts(6661,13): error TS2403: Subsequent variable declarations must have the same type.  Variable 'DOMMatrix' must be of type '{ new (init?: string | number[]): DOMMatrix; prototype: DOMMatrix; fromFloat32Array(array32: Float32Array<ArrayBuffer>): DOMMatrix; fromFloat64Array(array64: Float64Array<...>): DOMMatrix; fromMatrix(other?: DOMMatrixInit): DOMMatrix; }', but here has type '{ new (init?: string | number[]): DOMMatrix; prototype: DOMMatrix; fromFloat32Array(array32: Float32Array<ArrayBufferLike>): DOMMatrix; fromFloat64Array(array64: Float64Array<...>): DOMMatrix; fromMatrix(other?: DOMMatrixInit): DOMMatrix; }'.
node_modules/@types/web/index.d.ts(6754,13): error TS2403: Subsequent variable declarations must have the same type.  Variable 'DOMMatrixReadOnly' must be of type '{ new (init?: string | number[]): DOMMatrixReadOnly; prototype: DOMMatrixReadOnly; fromFloat32Array(array32: Float32Array<ArrayBuffer>): DOMMatrixReadOnly; fromFloat64Array(array64: Float64Array<...>): DOMMatrixReadOnly; fromMatrix(other?: DOMMatrixInit): DOMMatrixReadOnly; }', but here has type '{ new (init?: string | number[]): DOMMatrixReadOnly; prototype: DOMMatrixReadOnly; fromFloat32Array(array32: Float32Array<ArrayBufferLike>): DOMMatrixReadOnly; fromFloat64Array(array64: Float64Array<...>): DOMMatrixReadOnly; fromMatrix(other?: DOMMatrixInit): DOMMatrixReadOnly; }'.
node_modules/@types/web/index.d.ts(6883,5): error TS2374: Duplicate index signature for type 'number'.
node_modules/@types/web/index.d.ts(6944,5): error TS2374: Duplicate index signature for type 'number'.
node_modules/@types/web/index.d.ts(6958,5): error TS2374: Duplicate index signature for type 'string'.
node_modules/@types/web/index.d.ts(7052,5): error TS2374: Duplicate index signature for type 'number'.
node_modules/@types/web/index.d.ts(7205,5): error TS2374: Duplicate index signature for type 'number'.
node_modules/@types/web/index.d.ts(7215,14): error TS2717: Subsequent property declarations must have the same type.  Property 'readable' must be of type 'ReadableStream<Uint8Array<ArrayBuffer>>', but here has type 'ReadableStream<Uint8Array<ArrayBufferLike>>'.
node_modules/@types/web/index.d.ts(8906,5): error TS2374: Duplicate index signature for type 'number'.
node_modules/@types/web/index.d.ts(9485,5): error TS2717: Subsequent property declarations must have the same type.  Property '"auxclick"' must be of type 'PointerEvent', but here has type 'MouseEvent'.
node_modules/@types/web/index.d.ts(9487,5): error TS2717: Subsequent property declarations must have the same type.  Property '"beforetoggle"' must be of type 'ToggleEvent', but here has type 'Event'.
node_modules/@types/web/index.d.ts(9493,5): error TS2717: Subsequent property declarations must have the same type.  Property '"click"' must be of type 'PointerEvent', but here has type 'MouseEvent'.
node_modules/@types/web/index.d.ts(9499,5): error TS2717: Subsequent property declarations must have the same type.  Property '"contextmenu"' must be of type 'PointerEvent', but here has type 'MouseEvent'.
node_modules/@types/web/index.d.ts(9567,5): error TS2717: Subsequent property declarations must have the same type.  Property '"toggle"' must be of type 'ToggleEvent', but here has type 'Event'.
node_modules/@types/web/index.d.ts(9602,5): error TS2717: Subsequent property declarations must have the same type.  Property 'onauxclick' must be of type '(this: GlobalEventHandlers, ev: PointerEvent) => any', but here has type '(this: GlobalEventHandlers, ev: MouseEvent) => any'.
node_modules/@types/web/index.d.ts(9606,5): error TS2717: Subsequent property declarations must have the same type.  Property 'onbeforetoggle' must be of type '(this: GlobalEventHandlers, ev: ToggleEvent) => any', but here has type '(this: GlobalEventHandlers, ev: Event) => any'.
node_modules/@types/web/index.d.ts(9638,5): error TS2717: Subsequent property declarations must have the same type.  Property 'onclick' must be of type '(this: GlobalEventHandlers, ev: PointerEvent) => any', but here has type '(this: GlobalEventHandlers, ev: MouseEvent) => any'.
node_modules/@types/web/index.d.ts(9649,5): error TS2717: Subsequent property declarations must have the same type.  Property 'oncontextmenu' must be of type '(this: GlobalEventHandlers, ev: PointerEvent) => any', but here has type '(this: GlobalEventHandlers, ev: MouseEvent) => any'.
node_modules/@types/web/index.d.ts(9967,5): error TS2717: Subsequent property declarations must have the same type.  Property 'ontoggle' must be of type '(this: GlobalEventHandlers, ev: ToggleEvent) => any', but here has type '(this: GlobalEventHandlers, ev: Event) => any'.
node_modules/@types/web/index.d.ts(10054,5): error TS2374: Duplicate index signature for type 'number'.
node_modules/@types/web/index.d.ts(10475,5): error TS2374: Duplicate index signature for type 'number'.
node_modules/@types/web/index.d.ts(10495,5): error TS2374: Duplicate index signature for type 'number'.
node_modules/@types/web/index.d.ts(11009,5): error TS2374: Duplicate index signature for type 'number'.
node_modules/@types/web/index.d.ts(11010,5): error TS2374: Duplicate index signature for type 'string'.
node_modules/@types/web/index.d.ts(11342,5): error TS2717: Subsequent property declarations must have the same type.  Property 'loading' must be of type '"eager" | "lazy"', but here has type 'string'.
node_modules/@types/web/index.d.ts(11444,5): error TS2717: Subsequent property declarations must have the same type.  Property 'fetchPriority' must be of type '"auto" | "high" | "low"', but here has type 'string'.
node_modules/@types/web/index.d.ts(11963,5): error TS2717: Subsequent property declarations must have the same type.  Property 'fetchPriority' must be of type '"auto" | "high" | "low"', but here has type 'string'.
node_modules/@types/web/index.d.ts(13009,5): error TS2717: Subsequent property declarations must have the same type.  Property 'fetchPriority' must be of type '"auto" | "high" | "low"', but here has type 'string'.
node_modules/@types/web/index.d.ts(13196,5): error TS2374: Duplicate index signature for type 'number'.
node_modules/@types/web/index.d.ts(15090,14): error TS2717: Subsequent property declarations must have the same type.  Property 'data' must be of type 'ImageDataArray', but here has type 'Uint8ClampedArray<ArrayBufferLike>'.
node_modules/@types/web/index.d.ts(15105,13): error TS2403: Subsequent variable declarations must have the same type.  Variable 'ImageData' must be of type '{ new (sw: number, sh: number, settings?: ImageDataSettings): ImageData; new (data: ImageDataArray, sw: number, sh?: number, settings?: ImageDataSettings): ImageData; prototype: ImageData; }', but here has type '{ new (sw: number, sh: number, settings?: ImageDataSettings): ImageData; new (data: Uint8ClampedArray<ArrayBufferLike>, sw: number, sh?: number, settings?: ImageDataSettings): ImageData; prototype: ImageData; }'.
node_modules/@types/web/index.d.ts(15120,14): error TS2717: Subsequent property declarations must have the same type.  Property 'completed' must be of type 'Promise<void>', but here has type 'Promise<undefined>'.
node_modules/@types/web/index.d.ts(15162,14): error TS2717: Subsequent property declarations must have the same type.  Property 'ready' must be of type 'Promise<void>', but here has type 'Promise<undefined>'.
node_modules/@types/web/index.d.ts(15167,5): error TS2374: Duplicate index signature for type 'number'.
node_modules/@types/web/index.d.ts(15516,37): error TS2314: Generic type 'LockGrantedCallback<T>' requires 1 type argument(s).
node_modules/@types/web/index.d.ts(15517,59): error TS2314: Generic type 'LockGrantedCallback<T>' requires 1 type argument(s).
node_modules/@types/web/index.d.ts(15613,14): error TS2717: Subsequent property declarations must have the same type.  Property 'data' must be of type 'Uint8Array<ArrayBuffer>', but here has type 'Uint8Array<ArrayBufferLike>'.
node_modules/@types/web/index.d.ts(15970,5): error TS2374: Duplicate index signature for type 'number'.
node_modules/@types/web/index.d.ts(16394,11): error TS2428: All declarations of 'MessageEventTarget' must have identical type parameters.
node_modules/@types/web/index.d.ts(16396,5): error TS2717: Subsequent property declarations must have the same type.  Property 'onmessage' must be of type '(this: T, ev: MessageEvent<any>) => any', but here has type '(this: any, ev: MessageEvent<any>) => any'.
node_modules/@types/web/index.d.ts(16396,24): error TS2314: Generic type 'MessageEventTarget<T>' requires 1 type argument(s).
node_modules/@types/web/index.d.ts(16398,5): error TS2717: Subsequent property declarations must have the same type.  Property 'onmessageerror' must be of type '(this: T, ev: MessageEvent<any>) => any', but here has type '(this: any, ev: MessageEvent<any>) => any'.
node_modules/@types/web/index.d.ts(16398,29): error TS2314: Generic type 'MessageEventTarget<T>' requires 1 type argument(s).
node_modules/@types/web/index.d.ts(16399,92): error TS2314: Generic type 'MessageEventTarget<T>' requires 1 type argument(s).
node_modules/@types/web/index.d.ts(16401,95): error TS2314: Generic type 'MessageEventTarget<T>' requires 1 type argument(s).
node_modules/@types/web/index.d.ts(16415,44): error TS2314: Generic type 'MessageEventTarget<T>' requires 1 type argument(s).
node_modules/@types/web/index.d.ts(16496,5): error TS2374: Duplicate index signature for type 'number'.
node_modules/@types/web/index.d.ts(16690,5): error TS2374: Duplicate index signature for type 'number'.
node_modules/@types/web/index.d.ts(17245,5): error TS2374: Duplicate index signature for type 'number'.
node_modules/@types/web/index.d.ts(17261,5): error TS2374: Duplicate index signature for type 'number'.
node_modules/@types/web/index.d.ts(18550,5): error TS2374: Duplicate index signature for type 'number'.
node_modules/@types/web/index.d.ts(18574,5): error TS2374: Duplicate index signature for type 'number'.
node_modules/@types/web/index.d.ts(19550,13): error TS2403: Subsequent variable declarations must have the same type.  Variable 'ReadableStream' must be of type '{ new (underlyingSource: UnderlyingByteSource, strategy?: { highWaterMark?: number; }): ReadableStream<Uint8Array<ArrayBuffer>>; new <R = any>(underlyingSource: UnderlyingDefaultSource<...>, strategy?: QueuingStrategy<...>): ReadableStream<...>; new <R = any>(underlyingSource?: UnderlyingSource<...>, strategy?: Queu...', but here has type '{ new (underlyingSource: UnderlyingByteSource, strategy?: { highWaterMark?: number; }): ReadableStream<Uint8Array<ArrayBufferLike>>; new <R = any>(underlyingSource: UnderlyingDefaultSource<...>, strategy?: QueuingStrategy<...>): ReadableStream<...>; new <R = any>(underlyingSource?: UnderlyingSource<...>, strategy?: ...'.
node_modules/@types/web/index.d.ts(19565,13): error TS2403: Subsequent variable declarations must have the same type.  Variable 'ReadableStreamBYOBReader' must be of type '{ new (stream: ReadableStream<Uint8Array<ArrayBuffer>>): ReadableStreamBYOBReader; prototype: ReadableStreamBYOBReader; }', but here has type '{ new (stream: ReadableStream<Uint8Array<ArrayBufferLike>>): ReadableStreamBYOBReader; prototype: ReadableStreamBYOBReader; }'.
node_modules/@types/web/index.d.ts(19573,14): error TS2717: Subsequent property declarations must have the same type.  Property 'view' must be of type 'ArrayBufferView<ArrayBuffer>', but here has type 'ArrayBufferView<ArrayBufferLike>'.
node_modules/@types/web/index.d.ts(19617,14): error TS2717: Subsequent property declarations must have the same type.  Property 'closed' must be of type 'Promise<void>', but here has type 'Promise<undefined>'.
node_modules/@types/web/index.d.ts(21243,5): error TS2374: Duplicate index signature for type 'number'.
node_modules/@types/web/index.d.ts(21441,5): error TS2374: Duplicate index signature for type 'number'.
node_modules/@types/web/index.d.ts(21513,5): error TS2374: Duplicate index signature for type 'number'.
node_modules/@types/web/index.d.ts(21773,5): error TS2374: Duplicate index signature for type 'number'.
node_modules/@types/web/index.d.ts(22076,5): error TS2374: Duplicate index signature for type 'number'.
node_modules/@types/web/index.d.ts(22579,5): error TS2374: Duplicate index signature for type 'number'.
node_modules/@types/web/index.d.ts(22608,5): error TS2374: Duplicate index signature for type 'number'.
node_modules/@types/web/index.d.ts(22622,5): error TS2374: Duplicate index signature for type 'number'.
node_modules/@types/web/index.d.ts(22853,5): error TS2374: Duplicate index signature for type 'string'.
node_modules/@types/web/index.d.ts(23010,5): error TS2374: Duplicate index signature for type 'number'.
node_modules/@types/web/index.d.ts(23199,14): error TS2717: Subsequent property declarations must have the same type.  Property 'readable' must be of type 'ReadableStream<Uint8Array<ArrayBuffer>>', but here has type 'ReadableStream<Uint8Array<ArrayBufferLike>>'.
node_modules/@types/web/index.d.ts(23488,5): error TS2374: Duplicate index signature for type 'number'.
node_modules/@types/web/index.d.ts(23518,5): error TS2374: Duplicate index signature for type 'number'.
node_modules/@types/web/index.d.ts(23648,5): error TS2374: Duplicate index signature for type 'number'.
node_modules/@types/web/index.d.ts(24154,14): error TS2717: Subsequent property declarations must have the same type.  Property 'finished' must be of type 'Promise<void>', but here has type 'Promise<undefined>'.
node_modules/@types/web/index.d.ts(24156,14): error TS2717: Subsequent property declarations must have the same type.  Property 'ready' must be of type 'Promise<void>', but here has type 'Promise<undefined>'.
node_modules/@types/web/index.d.ts(24159,14): error TS2717: Subsequent property declarations must have the same type.  Property 'updateCallbackDone' must be of type 'Promise<void>', but here has type 'Promise<undefined>'.
node_modules/@types/web/index.d.ts(24438,5): error TS2717: Subsequent property declarations must have the same type.  Property 'curve' must be of type 'Float32Array<ArrayBuffer>', but here has type 'Float32Array<ArrayBufferLike>'.
node_modules/@types/web/index.d.ts(26750,14): error TS2717: Subsequent property declarations must have the same type.  Property 'ready' must be of type 'Promise<void>', but here has type 'Promise<undefined>'.
node_modules/@types/web/index.d.ts(27127,5): error TS2374: Duplicate index signature for type 'number'.
node_modules/@types/web/index.d.ts(27148,5): error TS2717: Subsequent property declarations must have the same type.  Property '"pagereveal"' must be of type 'PageRevealEvent', but here has type 'Event'.
node_modules/@types/web/index.d.ts(27150,5): error TS2717: Subsequent property declarations must have the same type.  Property '"pageswap"' must be of type 'PageSwapEvent', but here has type 'Event'.
node_modules/@types/web/index.d.ts(27184,5): error TS2717: Subsequent property declarations must have the same type.  Property 'onpagereveal' must be of type '(this: WindowEventHandlers, ev: PageRevealEvent) => any', but here has type '(this: WindowEventHandlers, ev: Event) => any'.
node_modules/@types/web/index.d.ts(27188,5): error TS2717: Subsequent property declarations must have the same type.  Property 'onpageswap' must be of type '(this: WindowEventHandlers, ev: PageSwapEvent) => any', but here has type '(this: WindowEventHandlers, ev: Event) => any'.
node_modules/@types/web/index.d.ts(27273,55): error TS2314: Generic type 'MessageEventTarget<T>' requires 1 type argument(s).
node_modules/@types/web/index.d.ts(27366,14): error TS2717: Subsequent property declarations must have the same type.  Property 'closed' must be of type 'Promise<void>', but here has type 'Promise<undefined>'.
node_modules/@types/web/index.d.ts(27370,14): error TS2717: Subsequent property declarations must have the same type.  Property 'ready' must be of type 'Promise<void>', but here has type 'Promise<undefined>'.
node_modules/@types/web/index.d.ts(28127,11): error TS2428: All declarations of 'LockGrantedCallback' must have identical type parameters.
node_modules/@types/web/index.d.ts(28787,13): error TS2403: Subsequent variable declarations must have the same type.  Variable 'onauxclick' must be of type '(this: Window, ev: PointerEvent) => any', but here has type '(this: Window, ev: MouseEvent) => any'.
node_modules/@types/web/index.d.ts(28791,13): error TS2403: Subsequent variable declarations must have the same type.  Variable 'onbeforetoggle' must be of type '(this: Window, ev: ToggleEvent) => any', but here has type '(this: Window, ev: Event) => any'.
node_modules/@types/web/index.d.ts(28823,13): error TS2403: Subsequent variable declarations must have the same type.  Variable 'onclick' must be of type '(this: Window, ev: PointerEvent) => any', but here has type '(this: Window, ev: MouseEvent) => any'.
node_modules/@types/web/index.d.ts(28834,13): error TS2403: Subsequent variable declarations must have the same type.  Variable 'oncontextmenu' must be of type '(this: Window, ev: PointerEvent) => any', but here has type '(this: Window, ev: MouseEvent) => any'.
node_modules/@types/web/index.d.ts(29152,13): error TS2403: Subsequent variable declarations must have the same type.  Variable 'ontoggle' must be of type '(this: Window, ev: ToggleEvent) => any', but here has type '(this: Window, ev: Event) => any'.
node_modules/@types/web/index.d.ts(29234,13): error TS2403: Subsequent variable declarations must have the same type.  Variable 'onpagereveal' must be of type '(this: Window, ev: PageRevealEvent) => any', but here has type '(this: Window, ev: Event) => any'.
node_modules/@types/web/index.d.ts(29238,13): error TS2403: Subsequent variable declarations must have the same type.  Variable 'onpageswap' must be of type '(this: Window, ev: PageSwapEvent) => any', but here has type '(this: Window, ev: Event) => any'.
node_modules/typescript/lib/lib.dom.d.ts(23,1): error TS6200: Definitions of the following identifiers conflict with those in another file: NodeFilter, XPathNSResolver, style, media, SVGMatrix, WebKitCSSMatrix, SVGPoint, SVGRect, location, classList, part, relList, sandbox, blocking, sizes, htmlFor, webkitURL, ImportExportKind, TableKind, ExportValue, Exports, ImportValue, Imports, ModuleImports, ValueType, ElementTagNameMap, name, AlgorithmIdentifier, AllowSharedBufferSource, AutoFill, AutoFillField, AutoFillSection, Base64URLString, BigInteger, BlobPart, BodyInit, BufferSource, COSEAlgorithmIdentifier, CSSKeywordish, CSSNumberish, CSSPerspectiveValue, CSSUnparsedSegment, CanvasImageSource, ClipboardItemData, ClipboardItems, ConstrainBoolean, ConstrainDOMString, ConstrainDouble, ConstrainULong, DOMHighResTimeStamp, EpochTimeStamp, EventListenerOrEventListenerObject, FileSystemWriteChunkType, Float32List, FormDataEntryValue, GLbitfield, GLboolean, GLclampf, GLenum, GLfloat, GLint, GLint64, GLintptr, GLsizei, GLsizeiptr, GLuint, GLuint64, HTMLOrSVGImageElement, HTMLOrSVGScriptElement, HashAlgorithmIdentifier, HeadersInit, IDBValidKey, ImageBitmapSource, ImageBufferSource, Int32List, LineAndPositionSetting, MediaProvider, MessageEventSource, MutationRecordType, NamedCurve, OffscreenRenderingContext, OnBeforeUnloadEventHandler, OnErrorEventHandler, OptionalPostfixToken, OptionalPrefixToken, PerformanceEntryList, PublicKeyCredentialClientCapabilities, PublicKeyCredentialJSON, RTCRtpTransform, ReadableStreamController, ReadableStreamReadResult, ReadableStreamReader, RenderingContext, ReportList, RequestInfo, TexImageSource, TimerHandler, Transferable, Uint32List, VibratePattern, WindowProxy, XMLHttpRequestBodyInit, AlignSetting, AlphaOption, AnimationPlayState, AnimationReplaceState, AppendMode, AttestationConveyancePreference, AudioContextLatencyCategory, AudioContextState, AudioSampleFormat, AuthenticatorAttachment, AuthenticatorTransport, AutoFillAddressKind, AutoFillBase, AutoFillContactField, AutoFillContactKind, AutoFillCredentialField, AutoFillNormalField, AutoKeyword, AutomationRate, AvcBitstreamFormat, BinaryType, BiquadFilterType, BitrateMode, CSSMathOperator, CSSNumericBaseType, CanPlayTypeResult, CanvasDirection, CanvasFillRule, CanvasFontKerning, CanvasFontStretch, CanvasFontVariantCaps, CanvasLineCap, CanvasLineJoin, CanvasTextAlign, CanvasTextBaseline, CanvasTextRendering, ChannelCountMode, ChannelInterpretation, ClientTypes, CodecState, ColorGamut, ColorSpaceConversion, CompositeOperation, CompositeOperationOrAuto, CompressionFormat, CredentialMediationRequirement, DOMParserSupportedType, DirectionSetting, DisplayCaptureSurfaceType, DistanceModelType, DocumentReadyState, DocumentVisibilityState, EncodedAudioChunkType, EncodedVideoChunkType, EndOfStreamError, EndingType, FileSystemHandleKind, FillMode, FontDisplay, FontFaceLoadStatus, FontFaceSetLoadStatus, FullscreenNavigationUI, GamepadHapticEffectType, GamepadHapticsResult, GamepadMappingType, GlobalCompositeOperation, HardwareAcceleration, HdrMetadataType, HighlightType, IDBCursorDirection, IDBRequestReadyState, IDBTransactionDurability, IDBTransactionMode, ImageOrientation, ImageSmoothingQuality, InsertPosition, IterationCompositeOperation, KeyFormat, KeyType, KeyUsage, LatencyMode, LineAlignSetting, LockMode, MIDIPortConnectionState, MIDIPortDeviceState, MIDIPortType, MediaDecodingType, MediaDeviceKind, MediaEncodingType, MediaKeyMessageType, MediaKeySessionClosedReason, MediaKeySessionType, MediaKeyStatus, MediaKeysRequirement, MediaSessionAction, MediaSessionPlaybackState, MediaStreamTrackState, NavigationTimingType, NavigationType, NotificationDirection, NotificationPermission, OffscreenRenderingContextId, OpusBitstreamFormat, OrientationType, OscillatorType, OverSampleType, PanningModelType, PaymentComplete, PaymentShippingType, PermissionName, PermissionState, PlaybackDirection, PositionAlignSetting, PredefinedColorSpace, PremultiplyAlpha, PresentationStyle, PublicKeyCredentialType, PushEncryptionKeyName, RTCBundlePolicy, RTCDataChannelState, RTCDegradationPreference, RTCDtlsRole, RTCDtlsTransportState, RTCEncodedVideoFrameType, RTCErrorDetailType, RTCIceCandidateType, RTCIceComponent, RTCIceConnectionState, RTCIceGathererState, RTCIceGatheringState, RTCIceProtocol, RTCIceRole, RTCIceTcpCandidateType, RTCIceTransportPolicy, RTCIceTransportState, RTCPeerConnectionState, RTCPriorityType, RTCQualityLimitationReason, RTCRtcpMuxPolicy, RTCRtpTransceiverDirection, RTCSctpTransportState, RTCSdpType, RTCSignalingState, RTCStatsIceCandidatePairState, RTCStatsType, ReadableStreamReaderMode, ReadableStreamType, ReadyState, RecordingState, ReferrerPolicy, RemotePlaybackState, RequestCache, RequestCredentials, RequestDestination, RequestMode, RequestPriority, RequestRedirect, ResidentKeyRequirement, ResizeObserverBoxOptions, ResizeQuality, ResponseType, ScrollBehavior, ScrollLogicalPosition, ScrollRestoration, ScrollSetting, SecurityPolicyViolationEventDisposition, SelectionMode, ServiceWorkerState, ServiceWorkerUpdateViaCache, ShadowRootMode, SlotAssignmentMode, SpeechSynthesisErrorCode, TextTrackKind, TextTrackMode, TouchType, TransferFunction, UserVerificationRequirement, VideoColorPrimaries, VideoEncoderBitrateMode, VideoFacingModeEnum, VideoMatrixCoefficients, VideoPixelFormat, VideoTransferCharacteristics, WakeLockType, WebGLPowerPreference, WebTransportCongestionControl, WebTransportErrorSource, WorkerType, WriteCommandType, XMLHttpRequestResponseType
node_modules/typescript/lib/lib.dom.d.ts(390,5): error TS2374: Duplicate index signature for type 'string'.
node_modules/typescript/lib/lib.dom.d.ts(952,5): error TS2374: Duplicate index signature for type 'string'.
node_modules/typescript/lib/lib.dom.d.ts(1521,5): error TS2374: Duplicate index signature for type 'string'.
node_modules/typescript/lib/lib.dom.d.ts(2010,5): error TS2687: All declarations of 'value' must have identical modifiers.
node_modules/typescript/lib/lib.dom.d.ts(5026,5): error TS2374: Duplicate index signature for type 'number'.
node_modules/typescript/lib/lib.dom.d.ts(5332,5): error TS2374: Duplicate index signature for type 'number'.
node_modules/typescript/lib/lib.dom.d.ts(5619,5): error TS2374: Duplicate index signature for type 'number'.
node_modules/typescript/lib/lib.dom.d.ts(7111,5): error TS2374: Duplicate index signature for type 'number'.
node_modules/typescript/lib/lib.dom.d.ts(7311,5): error TS2374: Duplicate index signature for type 'number'.
node_modules/typescript/lib/lib.dom.d.ts(7411,5): error TS2374: Duplicate index signature for type 'number'.
node_modules/typescript/lib/lib.dom.d.ts(9242,5): error TS2374: Duplicate index signature for type 'number'.
node_modules/typescript/lib/lib.dom.d.ts(9347,5): error TS2374: Duplicate index signature for type 'number'.
node_modules/typescript/lib/lib.dom.d.ts(9361,5): error TS2374: Duplicate index signature for type 'string'.
node_modules/typescript/lib/lib.dom.d.ts(9431,5): error TS2374: Duplicate index signature for type 'number'.
node_modules/typescript/lib/lib.dom.d.ts(9580,5): error TS2374: Duplicate index signature for type 'number'.
node_modules/typescript/lib/lib.dom.d.ts(11652,5): error TS2374: Duplicate index signature for type 'number'.
node_modules/typescript/lib/lib.dom.d.ts(12996,5): error TS2374: Duplicate index signature for type 'number'.
node_modules/typescript/lib/lib.dom.d.ts(13457,5): error TS2374: Duplicate index signature for type 'number'.
node_modules/typescript/lib/lib.dom.d.ts(13477,5): error TS2374: Duplicate index signature for type 'number'.
node_modules/typescript/lib/lib.dom.d.ts(14162,5): error TS2374: Duplicate index signature for type 'number'.
node_modules/typescript/lib/lib.dom.d.ts(14163,5): error TS2374: Duplicate index signature for type 'string'.
node_modules/typescript/lib/lib.dom.d.ts(16577,5): error TS2374: Duplicate index signature for type 'number'.
node_modules/typescript/lib/lib.dom.d.ts(18876,5): error TS2374: Duplicate index signature for type 'number'.
node_modules/typescript/lib/lib.dom.d.ts(20117,5): error TS2374: Duplicate index signature for type 'number'.
node_modules/typescript/lib/lib.dom.d.ts(20815,11): error TS2428: All declarations of 'MessageEventTarget' must have identical type parameters.
node_modules/typescript/lib/lib.dom.d.ts(20915,5): error TS2374: Duplicate index signature for type 'number'.
node_modules/typescript/lib/lib.dom.d.ts(21228,5): error TS2374: Duplicate index signature for type 'number'.
node_modules/typescript/lib/lib.dom.d.ts(21983,5): error TS2374: Duplicate index signature for type 'number'.
node_modules/typescript/lib/lib.dom.d.ts(21994,5): error TS2374: Duplicate index signature for type 'number'.
node_modules/typescript/lib/lib.dom.d.ts(23989,5): error TS2374: Duplicate index signature for type 'number'.
node_modules/typescript/lib/lib.dom.d.ts(24013,5): error TS2374: Duplicate index signature for type 'number'.
node_modules/typescript/lib/lib.dom.d.ts(25579,11): error TS2320: Interface 'RadioNodeList' cannot simultaneously extend types 'NodeListOf<HTMLInputElement>' and 'NodeList'.
  Named property '[Symbol.iterator]' of types 'NodeListOf<HTMLInputElement>' and 'NodeList' are not identical.
node_modules/typescript/lib/lib.dom.d.ts(28593,5): error TS2374: Duplicate index signature for type 'number'.
node_modules/typescript/lib/lib.dom.d.ts(28932,5): error TS2374: Duplicate index signature for type 'number'.
node_modules/typescript/lib/lib.dom.d.ts(29094,5): error TS2374: Duplicate index signature for type 'number'.
node_modules/typescript/lib/lib.dom.d.ts(29586,5): error TS2374: Duplicate index signature for type 'number'.
node_modules/typescript/lib/lib.dom.d.ts(30055,5): error TS2374: Duplicate index signature for type 'number'.
node_modules/typescript/lib/lib.dom.d.ts(30942,5): error TS2374: Duplicate index signature for type 'number'.
node_modules/typescript/lib/lib.dom.d.ts(31001,5): error TS2374: Duplicate index signature for type 'number'.
node_modules/typescript/lib/lib.dom.d.ts(31028,5): error TS2374: Duplicate index signature for type 'number'.
node_modules/typescript/lib/lib.dom.d.ts(31363,5): error TS2374: Duplicate index signature for type 'string'.
node_modules/typescript/lib/lib.dom.d.ts(31614,5): error TS2374: Duplicate index signature for type 'number'.
node_modules/typescript/lib/lib.dom.d.ts(32133,5): error TS2374: Duplicate index signature for type 'number'.
node_modules/typescript/lib/lib.dom.d.ts(32175,5): error TS2374: Duplicate index signature for type 'number'.
node_modules/typescript/lib/lib.dom.d.ts(32397,5): error TS2374: Duplicate index signature for type 'number'.
node_modules/typescript/lib/lib.dom.d.ts(36799,5): error TS2374: Duplicate index signature for type 'number'.
node_modules/typescript/lib/lib.dom.d.ts(38017,11): error TS2428: All declarations of 'LockGrantedCallback' must have identical type parameters.
src/lib/anchor/degen-derby-utils.ts(47,58): error TS2353: Object literal may only specify known properties, and 'programId' does not exist in type 'Coder<string, string>'.
src/lib/anchor/fight-club-utils.ts(40,75): error TS2344: Type '{ address: string; metadata: { name: string; version: string; spec: string; description: string; }; instructions: ({ name: string; discriminator: number[]; accounts: ({ name: string; writable: boolean; pda: { ...; }; signer?: undefined; address?: undefined; } | { ...; } | { ...; } | { ...; })[]; args: ({ ...; } | { ...' does not satisfy the constraint 'Idl'.
  Types of property 'instructions' are incompatible.
    Type '({ name: string; discriminator: number[]; accounts: ({ name: string; writable: boolean; pda: { seeds: ({ kind: string; value: number[]; path?: undefined; } | { kind: string; path: string; value?: undefined; })[]; }; signer?: undefined; address?: undefined; } | { ...; } | { ...; } | { ...; })[]; args: ({ ...; } | { ....' is not assignable to type 'IdlInstruction[]'.
      Type '{ name: string; discriminator: number[]; accounts: ({ name: string; writable: boolean; pda: { seeds: ({ kind: string; value: number[]; path?: undefined; } | { kind: string; path: string; value?: undefined; })[]; }; signer?: undefined; address?: undefined; } | { ...; } | { ...; } | { ...; })[]; args: ({ ...; } | { .....' is not assignable to type 'IdlInstruction'.
        Type '{ name: string; discriminator: number[]; accounts: ({ name: string; writable: boolean; pda: { seeds: ({ kind: string; value: number[]; path?: undefined; } | { kind: string; path: string; value?: undefined; })[]; }; signer?: undefined; address?: undefined; } | { ...; } | { ...; } | { ...; })[]; args: ({ ...; } | { .....' is not assignable to type 'IdlInstruction'.
          Types of property 'accounts' are incompatible.
            Type '({ name: string; writable: boolean; pda: { seeds: ({ kind: string; value: number[]; path?: undefined; } | { kind: string; path: string; value?: undefined; })[]; }; signer?: undefined; address?: undefined; } | { name: string; writable: boolean; pda?: undefined; signer?: undefined; address?: undefined; } | { ...; } | ...' is not assignable to type 'IdlInstructionAccountItem[]'.
              Type '{ name: string; writable: boolean; pda: { seeds: ({ kind: string; value: number[]; path?: undefined; } | { kind: string; path: string; value?: undefined; })[]; }; signer?: undefined; address?: undefined; } | { name: string; writable: boolean; pda?: undefined; signer?: undefined; address?: undefined; } | { ...; } | {...' is not assignable to type 'IdlInstructionAccountItem'.
                Type '{ name: string; writable: boolean; pda: { seeds: ({ kind: string; value: number[]; path?: undefined; } | { kind: string; path: string; value?: undefined; })[]; }; signer?: undefined; address?: undefined; }' is not assignable to type 'IdlInstructionAccountItem'.
                  Type '{ name: string; writable: boolean; pda: { seeds: ({ kind: string; value: number[]; path?: undefined; } | { kind: string; path: string; value?: undefined; })[]; }; signer?: undefined; address?: undefined; }' is not assignable to type 'IdlInstructionAccount'.
                    The types of 'pda.seeds' are incompatible between these types.
                      Type '({ kind: string; value: number[]; path?: undefined; } | { kind: string; path: string; value?: undefined; })[]' is not assignable to type 'IdlSeed[]'.
                        Type '{ kind: string; value: number[]; path?: undefined; } | { kind: string; path: string; value?: undefined; }' is not assignable to type 'IdlSeed'.
                          Type '{ kind: string; value: number[]; path?: undefined; }' is not assignable to type 'IdlSeed'.
                            Type '{ kind: string; value: number[]; path?: undefined; }' is not assignable to type 'IdlSeedAccount'.
                              Types of property 'kind' are incompatible.
                                Type 'string' is not assignable to type '"account"'.
src/lib/anchor/fight-club-utils.ts(41,3): error TS2322: Type 'Program<Idl>' is not assignable to type 'Program<{ address: string; metadata: { name: string; version: string; spec: string; description: string; }; instructions: ({ name: string; discriminator: number[]; accounts: ({ name: string; writable: boolean; pda: { ...; }; signer?: undefined; address?: undefined; } | { ...; } | { ...; } | { ...; })[]; args: ({ ......'.
  Types of property 'methods' are incompatible.
    Type 'MethodsNamespace<Idl>' is not assignable to type 'MethodsNamespace<{ address: string; metadata: { name: string; version: string; spec: string; description: string; }; instructions: ({ name: string; discriminator: number[]; accounts: ({ name: string; writable: boolean; pda: { ...; }; signer?: undefined; address?: undefined; } | { ...; } | { ...; } | { ...; })[]; arg...'.
      'string' index signatures are incompatible.
        Type 'MethodsFn<Idl, IdlInstruction & { name: string; }, MethodsBuilder<Idl, IdlInstruction & { name: string; }, IdlInstructionAccountItem>>' is not assignable to type 'MethodsFn<{ address: string; metadata: { name: string; version: string; spec: string; description: string; }; instructions: ({ name: string; discriminator: number[]; accounts: ({ name: string; writable: boolean; pda: { ...; }; signer?: undefined; address?: undefined; } | { ...; } | { ...; } | { ...; })[]; args: ({ ....'.
          Call signature return types 'MethodsBuilder<Idl, IdlInstruction & { name: string; }, IdlInstructionAccountItem>' and 'MethodsBuilder<{ address: string; metadata: { name: string; version: string; spec: string; description: string; }; instructions: ({ name: string; discriminator: number[]; accounts: ({ name: string; writable: boolean; pda: { ...; }; signer?: undefined; address?: undefined; } | { ...; } | { ...; } | { ...; })[]; args:...' are incompatible.
            The types returned by 'pubkeys()' are incompatible between these types.
              Type 'Promise<Partial<InstructionAccountAddresses<Idl, IdlInstruction & { name: string; }>>>' is not assignable to type 'Promise<Partial<InstructionAccountAddresses<{ address: string; metadata: { name: string; version: string; spec: string; description: string; }; instructions: ({ name: string; discriminator: number[]; accounts: ({ name: string; writable: boolean; pda: { ...; }; signer?: undefined; address?: undefined; } | { ...; } | ...'.
                Type 'Partial<InstructionAccountAddresses<Idl, IdlInstruction & { name: string; }>>' is not assignable to type 'Partial<InstructionAccountAddresses<{ address: string; metadata: { name: string; version: string; spec: string; description: string; }; instructions: ({ name: string; discriminator: number[]; accounts: ({ name: string; writable: boolean; pda: { ...; }; signer?: undefined; address?: undefined; } | { ...; } | { ...; }...'.
                  'string' index signatures are incompatible.
                    Type 'PublicKey | InstructionAccountsAddresses<IdlInstructionAccount>' is not assignable to type 'PublicKey'.
                      Type 'InstructionAccountsAddresses<IdlInstructionAccount>' is missing the following properties from type 'PublicKey': equals, toBase58, toJSON, toBytes, and 3 more.
src/lib/anchor/fight-club-utils.ts(41,50): error TS2353: Object literal may only specify known properties, and 'programId' does not exist in type 'Coder<string, string>'.
src/lib/anchor/shadow-poker-utils.ts(101,59): error TS2353: Object literal may only specify known properties, and 'programId' does not exist in type 'Coder<string, string>'.
src/lib/anchor/shadow-poker-utils.ts(514,27): error TS2802: Type 'Set<number>' can only be iterated through when using the '--downlevelIteration' flag or with a '--target' of 'es2015' or higher.
